[3.563s] Invoking command in '/home/mahitha/ros2_lane_detection_ws/src/lane_detection_all': PYTHONPATH=/home/mahitha/ros2_lane_detection_ws/build/lane_detection_all/prefix_override:/usr/lib/python3/dist-packages/colcon_core/task/python/colcon_distutils_commands:/home/mahitha/ros2_lane_detection_ws/install/lane_detection_all/lib/python3.10/site-packages:${PYTHONPATH} /usr/bin/python3 -W ignore:setup.py install is deprecated -W ignore:easy_install command is deprecated setup.py egg_info --egg-base ../../build/lane_detection_all build --build-base /home/mahitha/ros2_lane_detection_ws/build/lane_detection_all/build install --record /home/mahitha/ros2_lane_detection_ws/build/lane_detection_all/install.log --single-version-externally-managed install_data
[4.498s] running egg_info
[4.500s] creating ../../build/lane_detection_all/lane_detection_all.egg-info
[4.500s] writing ../../build/lane_detection_all/lane_detection_all.egg-info/PKG-INFO
[4.501s] writing dependency_links to ../../build/lane_detection_all/lane_detection_all.egg-info/dependency_links.txt
[4.502s] writing entry points to ../../build/lane_detection_all/lane_detection_all.egg-info/entry_points.txt
[4.503s] writing requirements to ../../build/lane_detection_all/lane_detection_all.egg-info/requires.txt
[4.504s] writing top-level names to ../../build/lane_detection_all/lane_detection_all.egg-info/top_level.txt
[4.504s] writing manifest file '../../build/lane_detection_all/lane_detection_all.egg-info/SOURCES.txt'
[4.508s] reading manifest file '../../build/lane_detection_all/lane_detection_all.egg-info/SOURCES.txt'
[4.531s] writing manifest file '../../build/lane_detection_all/lane_detection_all.egg-info/SOURCES.txt'
[4.571s] running build
[4.572s] running build_py
[4.572s] creating /home/mahitha/ros2_lane_detection_ws/build/lane_detection_all/build
[4.572s] creating /home/mahitha/ros2_lane_detection_ws/build/lane_detection_all/build/lib
[4.572s] creating /home/mahitha/ros2_lane_detection_ws/build/lane_detection_all/build/lib/lane_detection_all
[4.572s] copying lane_detection_all/detection_node.py -> /home/mahitha/ros2_lane_detection_ws/build/lane_detection_all/build/lib/lane_detection_all
[4.572s] copying lane_detection_all/__init__.py -> /home/mahitha/ros2_lane_detection_ws/build/lane_detection_all/build/lib/lane_detection_all
[4.572s] running install
[4.573s] running install_lib
[4.573s] creating /home/mahitha/ros2_lane_detection_ws/install/lane_detection_all/lib/python3.10/site-packages/lane_detection_all
[4.573s] copying /home/mahitha/ros2_lane_detection_ws/build/lane_detection_all/build/lib/lane_detection_all/detection_node.py -> /home/mahitha/ros2_lane_detection_ws/install/lane_detection_all/lib/python3.10/site-packages/lane_detection_all
[4.573s] copying /home/mahitha/ros2_lane_detection_ws/build/lane_detection_all/build/lib/lane_detection_all/__init__.py -> /home/mahitha/ros2_lane_detection_ws/install/lane_detection_all/lib/python3.10/site-packages/lane_detection_all
[4.573s] byte-compiling /home/mahitha/ros2_lane_detection_ws/install/lane_detection_all/lib/python3.10/site-packages/lane_detection_all/detection_node.py to detection_node.cpython-310.pyc
[4.573s] byte-compiling /home/mahitha/ros2_lane_detection_ws/install/lane_detection_all/lib/python3.10/site-packages/lane_detection_all/__init__.py to __init__.cpython-310.pyc
[4.573s] running install_data
[4.574s] creating /home/mahitha/ros2_lane_detection_ws/install/lane_detection_all/share/ament_index
[4.574s] creating /home/mahitha/ros2_lane_detection_ws/install/lane_detection_all/share/ament_index/resource_index
[4.574s] creating /home/mahitha/ros2_lane_detection_ws/install/lane_detection_all/share/ament_index/resource_index/packages
[4.574s] copying resource/lane_detection_all -> /home/mahitha/ros2_lane_detection_ws/install/lane_detection_all/share/ament_index/resource_index/packages
[4.574s] copying package.xml -> /home/mahitha/ros2_lane_detection_ws/install/lane_detection_all/share/lane_detection_all
[4.574s] running install_egg_info
[4.574s] Copying ../../build/lane_detection_all/lane_detection_all.egg-info to /home/mahitha/ros2_lane_detection_ws/install/lane_detection_all/lib/python3.10/site-packages/lane_detection_all-0.0.0-py3.10.egg-info
[4.575s] running install_scripts
[4.619s] Installing detection_node script to /home/mahitha/ros2_lane_detection_ws/install/lane_detection_all/lib/lane_detection_all
[4.619s] writing list of installed files to '/home/mahitha/ros2_lane_detection_ws/build/lane_detection_all/install.log'
[4.722s] Invoked command in '/home/mahitha/ros2_lane_detection_ws/src/lane_detection_all' returned '0': PYTHONPATH=/home/mahitha/ros2_lane_detection_ws/build/lane_detection_all/prefix_override:/usr/lib/python3/dist-packages/colcon_core/task/python/colcon_distutils_commands:/home/mahitha/ros2_lane_detection_ws/install/lane_detection_all/lib/python3.10/site-packages:${PYTHONPATH} /usr/bin/python3 -W ignore:setup.py install is deprecated -W ignore:easy_install command is deprecated setup.py egg_info --egg-base ../../build/lane_detection_all build --build-base /home/mahitha/ros2_lane_detection_ws/build/lane_detection_all/build install --record /home/mahitha/ros2_lane_detection_ws/build/lane_detection_all/install.log --single-version-externally-managed install_data
