[0.004s] Invoking command in '/home/mahitha/ros2_lane_detection_ws/build/lane_msgs': CMAKE_PREFIX_PATH=${CMAKE_PREFIX_PATH}:/home/mahitha/ros2_lane_detection_ws/install/lane_detection_all:/opt/ros/humble /usr/bin/cmake /home/mahitha/ros2_lane_detection_ws/src/lane_msgs -DCMAKE_INSTALL_PREFIX=/home/mahitha/ros2_lane_detection_ws/install/lane_msgs
[0.256s] -- The C compiler identification is GNU 11.4.0
[0.545s] -- The CXX compiler identification is GNU 11.4.0
[0.619s] -- Detecting C compiler ABI info
[0.878s] -- Detecting C compiler ABI info - done
[0.904s] -- Check for working C compiler: /usr/bin/cc - skipped
[0.905s] -- Detecting C compile features
[0.906s] -- Detecting C compile features - done
[0.966s] -- Detecting CXX compiler ABI info
[1.212s] -- Detecting CXX compiler ABI info - done
[1.285s] -- Check for working CXX compiler: /usr/bin/c++ - skipped
[1.286s] -- Detecting CXX compile features
[1.286s] -- Detecting CXX compile features - done
[1.286s] -- Found ament_cmake: 1.3.11 (/opt/ros/humble/share/ament_cmake/cmake)
[1.810s] -- Found Python3: /usr/bin/python3 (found version "3.10.12") found components: Interpreter 
[2.144s] -- Found rosidl_default_generators: 1.2.0 (/opt/ros/humble/share/rosidl_default_generators/cmake)
[2.234s] -- Using all available rosidl_typesupport_c: rosidl_typesupport_fastrtps_c;rosidl_typesupport_introspection_c
[2.234s] -- Found rosidl_adapter: 3.1.6 (/opt/ros/humble/share/rosidl_adapter/cmake)
[2.389s] -- Using all available rosidl_typesupport_cpp: rosidl_typesupport_fastrtps_cpp;rosidl_typesupport_introspection_cpp
[2.516s] -- Found geometry_msgs: 4.9.0 (/opt/ros/humble/share/geometry_msgs/cmake)
[3.840s] -- Found ament_cmake_ros: 0.10.0 (/opt/ros/humble/share/ament_cmake_ros/cmake)
[4.816s] -- Using all available rosidl_typesupport_c: rosidl_typesupport_fastrtps_c;rosidl_typesupport_introspection_c
[6.222s] -- Using all available rosidl_typesupport_cpp: rosidl_typesupport_fastrtps_cpp;rosidl_typesupport_introspection_cpp
[6.318s] -- Found PythonInterp: /usr/bin/python3 (found suitable version "3.10.12", minimum required is "3.6") 
[6.318s] -- Found python_cmake_module: 0.10.0 (/opt/ros/humble/share/python_cmake_module/cmake)
[6.417s] -- Found PythonLibs: /usr/lib/x86_64-linux-gnu/libpython3.10.so (found suitable version "3.10.12", minimum required is "3.5") 
[6.417s] -- Using PYTHON_EXECUTABLE: /usr/bin/python3
[6.417s] -- Using PYTHON_INCLUDE_DIRS: /usr/include/python3.10
[6.418s] -- Using PYTHON_LIBRARIES: /usr/lib/x86_64-linux-gnu/libpython3.10.so
[6.536s] -- Found PythonExtra: .so  
[6.775s] -- Configuring done
[6.880s] -- Generating done
[7.000s] -- Build files have been written to: /home/mahitha/ros2_lane_detection_ws/build/lane_msgs
[7.007s] Invoked command in '/home/mahitha/ros2_lane_detection_ws/build/lane_msgs' returned '0': CMAKE_PREFIX_PATH=${CMAKE_PREFIX_PATH}:/home/mahitha/ros2_lane_detection_ws/install/lane_detection_all:/opt/ros/humble /usr/bin/cmake /home/mahitha/ros2_lane_detection_ws/src/lane_msgs -DCMAKE_INSTALL_PREFIX=/home/mahitha/ros2_lane_detection_ws/install/lane_msgs
[7.016s] Invoking command in '/home/mahitha/ros2_lane_detection_ws/build/lane_msgs': CMAKE_PREFIX_PATH=${CMAKE_PREFIX_PATH}:/home/mahitha/ros2_lane_detection_ws/install/lane_detection_all:/opt/ros/humble /usr/bin/cmake --build /home/mahitha/ros2_lane_detection_ws/build/lane_msgs -- -j1 -l1
[7.189s] [  3%] [34m[1mGenerating C++ code for ROS interfaces[0m
[8.492s] [  3%] Built target lane_msgs__cpp
[8.559s] [  6%] [34m[1mGenerating C++ type support dispatch for ROS interfaces[0m
[9.996s] [  9%] [32mBuilding CXX object CMakeFiles/lane_msgs__rosidl_typesupport_cpp.dir/rosidl_typesupport_cpp/lane_msgs/msg/lane_info__type_support.cpp.o[0m
[10.907s] [ 12%] [32m[1mLinking CXX shared library liblane_msgs__rosidl_typesupport_cpp.so[0m
[11.071s] [ 12%] Built target lane_msgs__rosidl_typesupport_cpp
[11.118s] [ 16%] [34m[1mGenerating C code for ROS interfaces[0m
[12.571s] [ 19%] [32mBuilding C object CMakeFiles/lane_msgs__rosidl_generator_c.dir/rosidl_generator_c/lane_msgs/msg/detail/lane_info__functions.c.o[0m
[12.797s] [ 22%] [32m[1mLinking C shared library liblane_msgs__rosidl_generator_c.so[0m
[12.922s] [ 22%] Built target lane_msgs__rosidl_generator_c
[12.973s] [ 25%] [34m[1mGenerating C type support for eProsima Fast-RTPS[0m
[14.452s] [ 29%] [32mBuilding CXX object CMakeFiles/lane_msgs__rosidl_typesupport_fastrtps_c.dir/rosidl_typesupport_fastrtps_c/lane_msgs/msg/detail/lane_info__type_support_c.cpp.o[0m
[15.549s] [ 32%] [32m[1mLinking CXX shared library liblane_msgs__rosidl_typesupport_fastrtps_c.so[0m
[15.787s] [ 32%] Built target lane_msgs__rosidl_typesupport_fastrtps_c
[15.862s] [ 35%] [34m[1mGenerating C introspection for ROS interfaces[0m
[17.152s] [ 38%] [32mBuilding C object CMakeFiles/lane_msgs__rosidl_typesupport_introspection_c.dir/rosidl_typesupport_introspection_c/lane_msgs/msg/detail/lane_info__type_support.c.o[0m
[17.304s] [ 41%] [32m[1mLinking C shared library liblane_msgs__rosidl_typesupport_introspection_c.so[0m
[17.453s] [ 41%] Built target lane_msgs__rosidl_typesupport_introspection_c
[17.481s] [ 45%] [34m[1mGenerating C type support dispatch for ROS interfaces[0m
[18.866s] [ 48%] [32mBuilding CXX object CMakeFiles/lane_msgs__rosidl_typesupport_c.dir/rosidl_typesupport_c/lane_msgs/msg/lane_info__type_support.cpp.o[0m
[19.005s] [ 51%] [32m[1mLinking CXX shared library liblane_msgs__rosidl_typesupport_c.so[0m
[19.222s] [ 51%] Built target lane_msgs__rosidl_typesupport_c
[19.256s] [ 54%] [34m[1mGenerating C++ type support for eProsima Fast-RTPS[0m
[20.810s] [ 58%] [32mBuilding CXX object CMakeFiles/lane_msgs__rosidl_typesupport_fastrtps_cpp.dir/rosidl_typesupport_fastrtps_cpp/lane_msgs/msg/detail/dds_fastrtps/lane_info__type_support.cpp.o[0m
[22.370s] [ 61%] [32m[1mLinking CXX shared library liblane_msgs__rosidl_typesupport_fastrtps_cpp.so[0m
[22.724s] [ 61%] Built target lane_msgs__rosidl_typesupport_fastrtps_cpp
[22.760s] [ 64%] [34m[1mGenerating C++ introspection for ROS interfaces[0m
[24.659s] [ 67%] [32mBuilding CXX object CMakeFiles/lane_msgs__rosidl_typesupport_introspection_cpp.dir/rosidl_typesupport_introspection_cpp/lane_msgs/msg/detail/lane_info__type_support.cpp.o[0m
[26.693s] [ 70%] [32m[1mLinking CXX shared library liblane_msgs__rosidl_typesupport_introspection_cpp.so[0m
[27.221s] [ 70%] Built target lane_msgs__rosidl_typesupport_introspection_cpp
[27.377s] [ 70%] Built target lane_msgs
[27.572s] [ 70%] Built target ament_cmake_python_copy_lane_msgs
[29.532s] running egg_info
[29.532s] creating lane_msgs.egg-info
[29.532s] writing lane_msgs.egg-info/PKG-INFO
[29.532s] writing dependency_links to lane_msgs.egg-info/dependency_links.txt
[29.533s] writing top-level names to lane_msgs.egg-info/top_level.txt
[29.533s] writing manifest file 'lane_msgs.egg-info/SOURCES.txt'
[29.533s] reading manifest file 'lane_msgs.egg-info/SOURCES.txt'
[29.533s] writing manifest file 'lane_msgs.egg-info/SOURCES.txt'
[29.647s] [ 70%] Built target ament_cmake_python_build_lane_msgs_egg
[29.812s] [ 74%] [34m[1mGenerating Python code for ROS interfaces[0m
[33.465s] [ 74%] Built target lane_msgs__py
[33.603s] [ 77%] [32mBuilding C object CMakeFiles/lane_msgs__rosidl_generator_py.dir/rosidl_generator_py/lane_msgs/msg/_lane_info_s.c.o[0m
[34.233s] [ 80%] [32m[1mLinking C shared library rosidl_generator_py/lane_msgs/liblane_msgs__rosidl_generator_py.so[0m
[34.620s] [ 80%] Built target lane_msgs__rosidl_generator_py
[34.788s] [ 83%] [32mBuilding C object CMakeFiles/lane_msgs__rosidl_typesupport_fastrtps_c__pyext.dir/rosidl_generator_py/lane_msgs/_lane_msgs_s.ep.rosidl_typesupport_fastrtps_c.c.o[0m
[35.487s] [ 87%] [32m[1mLinking C shared library rosidl_generator_py/lane_msgs/lane_msgs_s__rosidl_typesupport_fastrtps_c.cpython-310-x86_64-linux-gnu.so[0m
[35.815s] [ 87%] Built target lane_msgs__rosidl_typesupport_fastrtps_c__pyext
[35.954s] [ 90%] [32mBuilding C object CMakeFiles/lane_msgs__rosidl_typesupport_introspection_c__pyext.dir/rosidl_generator_py/lane_msgs/_lane_msgs_s.ep.rosidl_typesupport_introspection_c.c.o[0m
[36.588s] [ 93%] [32m[1mLinking C shared library rosidl_generator_py/lane_msgs/lane_msgs_s__rosidl_typesupport_introspection_c.cpython-310-x86_64-linux-gnu.so[0m
[36.887s] [ 93%] Built target lane_msgs__rosidl_typesupport_introspection_c__pyext
[37.031s] [ 96%] [32mBuilding C object CMakeFiles/lane_msgs__rosidl_typesupport_c__pyext.dir/rosidl_generator_py/lane_msgs/_lane_msgs_s.ep.rosidl_typesupport_c.c.o[0m
[37.721s] [100%] [32m[1mLinking C shared library rosidl_generator_py/lane_msgs/lane_msgs_s__rosidl_typesupport_c.cpython-310-x86_64-linux-gnu.so[0m
[38.032s] [100%] Built target lane_msgs__rosidl_typesupport_c__pyext
[38.149s] Invoked command in '/home/mahitha/ros2_lane_detection_ws/build/lane_msgs' returned '0': CMAKE_PREFIX_PATH=${CMAKE_PREFIX_PATH}:/home/mahitha/ros2_lane_detection_ws/install/lane_detection_all:/opt/ros/humble /usr/bin/cmake --build /home/mahitha/ros2_lane_detection_ws/build/lane_msgs -- -j1 -l1
[38.186s] Invoking command in '/home/mahitha/ros2_lane_detection_ws/build/lane_msgs': CMAKE_PREFIX_PATH=${CMAKE_PREFIX_PATH}:/home/mahitha/ros2_lane_detection_ws/install/lane_detection_all:/opt/ros/humble /usr/bin/cmake --install /home/mahitha/ros2_lane_detection_ws/build/lane_msgs
[38.291s] -- Install configuration: ""
[38.291s] -- Installing: /home/mahitha/ros2_lane_detection_ws/install/lane_msgs/share/ament_index/resource_index/rosidl_interfaces/lane_msgs
[38.291s] -- Installing: /home/mahitha/ros2_lane_detection_ws/install/lane_msgs/include/lane_msgs/lane_msgs
[38.291s] -- Installing: /home/mahitha/ros2_lane_detection_ws/install/lane_msgs/include/lane_msgs/lane_msgs/msg
[38.292s] -- Installing: /home/mahitha/ros2_lane_detection_ws/install/lane_msgs/include/lane_msgs/lane_msgs/msg/detail
[38.292s] -- Installing: /home/mahitha/ros2_lane_detection_ws/install/lane_msgs/include/lane_msgs/lane_msgs/msg/detail/lane_info__struct.h
[38.292s] -- Installing: /home/mahitha/ros2_lane_detection_ws/install/lane_msgs/include/lane_msgs/lane_msgs/msg/detail/lane_info__functions.c
[38.292s] -- Installing: /home/mahitha/ros2_lane_detection_ws/install/lane_msgs/include/lane_msgs/lane_msgs/msg/detail/lane_info__functions.h
[38.292s] -- Installing: /home/mahitha/ros2_lane_detection_ws/install/lane_msgs/include/lane_msgs/lane_msgs/msg/detail/lane_info__type_support.h
[38.292s] -- Installing: /home/mahitha/ros2_lane_detection_ws/install/lane_msgs/include/lane_msgs/lane_msgs/msg/rosidl_generator_c__visibility_control.h
[38.293s] -- Installing: /home/mahitha/ros2_lane_detection_ws/install/lane_msgs/include/lane_msgs/lane_msgs/msg/lane_info.h
[38.293s] -- Installing: /home/mahitha/ros2_lane_detection_ws/install/lane_msgs/share/lane_msgs/environment/library_path.sh
[38.293s] -- Installing: /home/mahitha/ros2_lane_detection_ws/install/lane_msgs/share/lane_msgs/environment/library_path.dsv
[38.293s] -- Installing: /home/mahitha/ros2_lane_detection_ws/install/lane_msgs/lib/liblane_msgs__rosidl_generator_c.so
[38.293s] -- Set runtime path of "/home/mahitha/ros2_lane_detection_ws/install/lane_msgs/lib/liblane_msgs__rosidl_generator_c.so" to ""
[38.293s] -- Up-to-date: /home/mahitha/ros2_lane_detection_ws/install/lane_msgs/include/lane_msgs/lane_msgs
[38.293s] -- Up-to-date: /home/mahitha/ros2_lane_detection_ws/install/lane_msgs/include/lane_msgs/lane_msgs/msg
[38.293s] -- Up-to-date: /home/mahitha/ros2_lane_detection_ws/install/lane_msgs/include/lane_msgs/lane_msgs/msg/detail
[38.294s] -- Installing: /home/mahitha/ros2_lane_detection_ws/install/lane_msgs/include/lane_msgs/lane_msgs/msg/detail/lane_info__rosidl_typesupport_fastrtps_c.h
[38.294s] -- Installing: /home/mahitha/ros2_lane_detection_ws/install/lane_msgs/include/lane_msgs/lane_msgs/msg/rosidl_typesupport_fastrtps_c__visibility_control.h
[38.294s] -- Installing: /home/mahitha/ros2_lane_detection_ws/install/lane_msgs/lib/liblane_msgs__rosidl_typesupport_fastrtps_c.so
[38.294s] -- Set runtime path of "/home/mahitha/ros2_lane_detection_ws/install/lane_msgs/lib/liblane_msgs__rosidl_typesupport_fastrtps_c.so" to ""
[38.294s] -- Up-to-date: /home/mahitha/ros2_lane_detection_ws/install/lane_msgs/include/lane_msgs/lane_msgs
[38.294s] -- Up-to-date: /home/mahitha/ros2_lane_detection_ws/install/lane_msgs/include/lane_msgs/lane_msgs/msg
[38.294s] -- Up-to-date: /home/mahitha/ros2_lane_detection_ws/install/lane_msgs/include/lane_msgs/lane_msgs/msg/detail
[38.295s] -- Installing: /home/mahitha/ros2_lane_detection_ws/install/lane_msgs/include/lane_msgs/lane_msgs/msg/detail/lane_info__rosidl_typesupport_introspection_c.h
[38.295s] -- Installing: /home/mahitha/ros2_lane_detection_ws/install/lane_msgs/include/lane_msgs/lane_msgs/msg/detail/lane_info__type_support.c
[38.295s] -- Installing: /home/mahitha/ros2_lane_detection_ws/install/lane_msgs/include/lane_msgs/lane_msgs/msg/rosidl_typesupport_introspection_c__visibility_control.h
[38.295s] -- Installing: /home/mahitha/ros2_lane_detection_ws/install/lane_msgs/lib/liblane_msgs__rosidl_typesupport_introspection_c.so
[38.295s] -- Set runtime path of "/home/mahitha/ros2_lane_detection_ws/install/lane_msgs/lib/liblane_msgs__rosidl_typesupport_introspection_c.so" to ""
[38.295s] -- Installing: /home/mahitha/ros2_lane_detection_ws/install/lane_msgs/lib/liblane_msgs__rosidl_typesupport_c.so
[38.295s] -- Set runtime path of "/home/mahitha/ros2_lane_detection_ws/install/lane_msgs/lib/liblane_msgs__rosidl_typesupport_c.so" to ""
[38.296s] -- Up-to-date: /home/mahitha/ros2_lane_detection_ws/install/lane_msgs/include/lane_msgs/lane_msgs
[38.296s] -- Up-to-date: /home/mahitha/ros2_lane_detection_ws/install/lane_msgs/include/lane_msgs/lane_msgs/msg
[38.341s] -- Installing: /home/mahitha/ros2_lane_detection_ws/install/lane_msgs/include/lane_msgs/lane_msgs/msg/lane_info.hpp
[38.341s] -- Up-to-date: /home/mahitha/ros2_lane_detection_ws/install/lane_msgs/include/lane_msgs/lane_msgs/msg/detail
[38.341s] -- Installing: /home/mahitha/ros2_lane_detection_ws/install/lane_msgs/include/lane_msgs/lane_msgs/msg/detail/lane_info__builder.hpp
[38.341s] -- Installing: /home/mahitha/ros2_lane_detection_ws/install/lane_msgs/include/lane_msgs/lane_msgs/msg/detail/lane_info__traits.hpp
[38.342s] -- Installing: /home/mahitha/ros2_lane_detection_ws/install/lane_msgs/include/lane_msgs/lane_msgs/msg/detail/lane_info__struct.hpp
[38.342s] -- Installing: /home/mahitha/ros2_lane_detection_ws/install/lane_msgs/include/lane_msgs/lane_msgs/msg/detail/lane_info__type_support.hpp
[38.342s] -- Installing: /home/mahitha/ros2_lane_detection_ws/install/lane_msgs/include/lane_msgs/lane_msgs/msg/rosidl_generator_cpp__visibility_control.hpp
[38.342s] -- Up-to-date: /home/mahitha/ros2_lane_detection_ws/install/lane_msgs/include/lane_msgs/lane_msgs
[38.342s] -- Up-to-date: /home/mahitha/ros2_lane_detection_ws/install/lane_msgs/include/lane_msgs/lane_msgs/msg
[38.342s] -- Up-to-date: /home/mahitha/ros2_lane_detection_ws/install/lane_msgs/include/lane_msgs/lane_msgs/msg/detail
[38.342s] -- Installing: /home/mahitha/ros2_lane_detection_ws/install/lane_msgs/include/lane_msgs/lane_msgs/msg/detail/lane_info__rosidl_typesupport_fastrtps_cpp.hpp
[38.343s] -- Installing: /home/mahitha/ros2_lane_detection_ws/install/lane_msgs/include/lane_msgs/lane_msgs/msg/detail/dds_fastrtps
[38.343s] -- Installing: /home/mahitha/ros2_lane_detection_ws/install/lane_msgs/include/lane_msgs/lane_msgs/msg/rosidl_typesupport_fastrtps_cpp__visibility_control.h
[38.343s] -- Installing: /home/mahitha/ros2_lane_detection_ws/install/lane_msgs/lib/liblane_msgs__rosidl_typesupport_fastrtps_cpp.so
[38.343s] -- Set runtime path of "/home/mahitha/ros2_lane_detection_ws/install/lane_msgs/lib/liblane_msgs__rosidl_typesupport_fastrtps_cpp.so" to ""
[38.343s] -- Up-to-date: /home/mahitha/ros2_lane_detection_ws/install/lane_msgs/include/lane_msgs/lane_msgs
[38.343s] -- Up-to-date: /home/mahitha/ros2_lane_detection_ws/install/lane_msgs/include/lane_msgs/lane_msgs/msg
[38.343s] -- Up-to-date: /home/mahitha/ros2_lane_detection_ws/install/lane_msgs/include/lane_msgs/lane_msgs/msg/detail
[38.344s] -- Installing: /home/mahitha/ros2_lane_detection_ws/install/lane_msgs/include/lane_msgs/lane_msgs/msg/detail/lane_info__type_support.cpp
[38.344s] -- Installing: /home/mahitha/ros2_lane_detection_ws/install/lane_msgs/include/lane_msgs/lane_msgs/msg/detail/lane_info__rosidl_typesupport_introspection_cpp.hpp
[38.344s] -- Installing: /home/mahitha/ros2_lane_detection_ws/install/lane_msgs/lib/liblane_msgs__rosidl_typesupport_introspection_cpp.so
[38.344s] -- Set runtime path of "/home/mahitha/ros2_lane_detection_ws/install/lane_msgs/lib/liblane_msgs__rosidl_typesupport_introspection_cpp.so" to ""
[38.344s] -- Installing: /home/mahitha/ros2_lane_detection_ws/install/lane_msgs/lib/liblane_msgs__rosidl_typesupport_cpp.so
[38.344s] -- Set runtime path of "/home/mahitha/ros2_lane_detection_ws/install/lane_msgs/lib/liblane_msgs__rosidl_typesupport_cpp.so" to ""
[38.345s] -- Installing: /home/mahitha/ros2_lane_detection_ws/install/lane_msgs/share/lane_msgs/environment/pythonpath.sh
[38.396s] -- Installing: /home/mahitha/ros2_lane_detection_ws/install/lane_msgs/share/lane_msgs/environment/pythonpath.dsv
[38.396s] -- Installing: /home/mahitha/ros2_lane_detection_ws/install/lane_msgs/local/lib/python3.10/dist-packages/lane_msgs-0.0.1-py3.10.egg-info
[38.396s] -- Installing: /home/mahitha/ros2_lane_detection_ws/install/lane_msgs/local/lib/python3.10/dist-packages/lane_msgs-0.0.1-py3.10.egg-info/SOURCES.txt
[38.396s] -- Installing: /home/mahitha/ros2_lane_detection_ws/install/lane_msgs/local/lib/python3.10/dist-packages/lane_msgs-0.0.1-py3.10.egg-info/dependency_links.txt
[38.396s] -- Installing: /home/mahitha/ros2_lane_detection_ws/install/lane_msgs/local/lib/python3.10/dist-packages/lane_msgs-0.0.1-py3.10.egg-info/top_level.txt
[38.397s] -- Installing: /home/mahitha/ros2_lane_detection_ws/install/lane_msgs/local/lib/python3.10/dist-packages/lane_msgs-0.0.1-py3.10.egg-info/PKG-INFO
[38.397s] -- Installing: /home/mahitha/ros2_lane_detection_ws/install/lane_msgs/local/lib/python3.10/dist-packages/lane_msgs
[38.397s] -- Installing: /home/mahitha/ros2_lane_detection_ws/install/lane_msgs/local/lib/python3.10/dist-packages/lane_msgs/liblane_msgs__rosidl_generator_py.so
[38.397s] -- Installing: /home/mahitha/ros2_lane_detection_ws/install/lane_msgs/local/lib/python3.10/dist-packages/lane_msgs/_lane_msgs_s.ep.rosidl_typesupport_introspection_c.c
[38.397s] -- Installing: /home/mahitha/ros2_lane_detection_ws/install/lane_msgs/local/lib/python3.10/dist-packages/lane_msgs/lane_msgs_s__rosidl_typesupport_fastrtps_c.cpython-310-x86_64-linux-gnu.so
[38.397s] -- Installing: /home/mahitha/ros2_lane_detection_ws/install/lane_msgs/local/lib/python3.10/dist-packages/lane_msgs/msg
[38.397s] -- Installing: /home/mahitha/ros2_lane_detection_ws/install/lane_msgs/local/lib/python3.10/dist-packages/lane_msgs/msg/_lane_info.py
[38.398s] -- Installing: /home/mahitha/ros2_lane_detection_ws/install/lane_msgs/local/lib/python3.10/dist-packages/lane_msgs/msg/_lane_info_s.c
[38.398s] -- Installing: /home/mahitha/ros2_lane_detection_ws/install/lane_msgs/local/lib/python3.10/dist-packages/lane_msgs/msg/__init__.py
[38.398s] -- Installing: /home/mahitha/ros2_lane_detection_ws/install/lane_msgs/local/lib/python3.10/dist-packages/lane_msgs/_lane_msgs_s.ep.rosidl_typesupport_c.c
[38.398s] -- Installing: /home/mahitha/ros2_lane_detection_ws/install/lane_msgs/local/lib/python3.10/dist-packages/lane_msgs/lane_msgs_s__rosidl_typesupport_c.cpython-310-x86_64-linux-gnu.so
[38.398s] -- Installing: /home/mahitha/ros2_lane_detection_ws/install/lane_msgs/local/lib/python3.10/dist-packages/lane_msgs/_lane_msgs_s.ep.rosidl_typesupport_fastrtps_c.c
[38.398s] -- Installing: /home/mahitha/ros2_lane_detection_ws/install/lane_msgs/local/lib/python3.10/dist-packages/lane_msgs/lane_msgs_s__rosidl_typesupport_introspection_c.cpython-310-x86_64-linux-gnu.so
[38.398s] -- Installing: /home/mahitha/ros2_lane_detection_ws/install/lane_msgs/local/lib/python3.10/dist-packages/lane_msgs/__init__.py
[38.630s] Listing '/home/mahitha/ros2_lane_detection_ws/install/lane_msgs/local/lib/python3.10/dist-packages/lane_msgs'...
[38.639s] Compiling '/home/mahitha/ros2_lane_detection_ws/install/lane_msgs/local/lib/python3.10/dist-packages/lane_msgs/__init__.py'...
[38.639s] Listing '/home/mahitha/ros2_lane_detection_ws/install/lane_msgs/local/lib/python3.10/dist-packages/lane_msgs/msg'...
[38.639s] Compiling '/home/mahitha/ros2_lane_detection_ws/install/lane_msgs/local/lib/python3.10/dist-packages/lane_msgs/msg/__init__.py'...
[38.640s] Compiling '/home/mahitha/ros2_lane_detection_ws/install/lane_msgs/local/lib/python3.10/dist-packages/lane_msgs/msg/_lane_info.py'...
[38.701s] -- Installing: /home/mahitha/ros2_lane_detection_ws/install/lane_msgs/local/lib/python3.10/dist-packages/lane_msgs/lane_msgs_s__rosidl_typesupport_fastrtps_c.cpython-310-x86_64-linux-gnu.so
[38.729s] -- Set runtime path of "/home/mahitha/ros2_lane_detection_ws/install/lane_msgs/local/lib/python3.10/dist-packages/lane_msgs/lane_msgs_s__rosidl_typesupport_fastrtps_c.cpython-310-x86_64-linux-gnu.so" to ""
[38.730s] -- Installing: /home/mahitha/ros2_lane_detection_ws/install/lane_msgs/local/lib/python3.10/dist-packages/lane_msgs/lane_msgs_s__rosidl_typesupport_introspection_c.cpython-310-x86_64-linux-gnu.so
[38.730s] -- Set runtime path of "/home/mahitha/ros2_lane_detection_ws/install/lane_msgs/local/lib/python3.10/dist-packages/lane_msgs/lane_msgs_s__rosidl_typesupport_introspection_c.cpython-310-x86_64-linux-gnu.so" to ""
[38.730s] -- Installing: /home/mahitha/ros2_lane_detection_ws/install/lane_msgs/local/lib/python3.10/dist-packages/lane_msgs/lane_msgs_s__rosidl_typesupport_c.cpython-310-x86_64-linux-gnu.so
[38.730s] -- Set runtime path of "/home/mahitha/ros2_lane_detection_ws/install/lane_msgs/local/lib/python3.10/dist-packages/lane_msgs/lane_msgs_s__rosidl_typesupport_c.cpython-310-x86_64-linux-gnu.so" to ""
[38.730s] -- Installing: /home/mahitha/ros2_lane_detection_ws/install/lane_msgs/lib/liblane_msgs__rosidl_generator_py.so
[38.730s] -- Set runtime path of "/home/mahitha/ros2_lane_detection_ws/install/lane_msgs/lib/liblane_msgs__rosidl_generator_py.so" to ""
[38.731s] -- Installing: /home/mahitha/ros2_lane_detection_ws/install/lane_msgs/share/lane_msgs/msg/LaneInfo.idl
[38.731s] -- Installing: /home/mahitha/ros2_lane_detection_ws/install/lane_msgs/share/lane_msgs/msg/LaneInfo.msg
[38.731s] -- Installing: /home/mahitha/ros2_lane_detection_ws/install/lane_msgs/share/ament_index/resource_index/package_run_dependencies/lane_msgs
[38.731s] -- Installing: /home/mahitha/ros2_lane_detection_ws/install/lane_msgs/share/ament_index/resource_index/parent_prefix_path/lane_msgs
[38.731s] -- Installing: /home/mahitha/ros2_lane_detection_ws/install/lane_msgs/share/lane_msgs/environment/ament_prefix_path.sh
[38.731s] -- Installing: /home/mahitha/ros2_lane_detection_ws/install/lane_msgs/share/lane_msgs/environment/ament_prefix_path.dsv
[38.731s] -- Installing: /home/mahitha/ros2_lane_detection_ws/install/lane_msgs/share/lane_msgs/environment/path.sh
[38.732s] -- Installing: /home/mahitha/ros2_lane_detection_ws/install/lane_msgs/share/lane_msgs/environment/path.dsv
[38.732s] -- Installing: /home/mahitha/ros2_lane_detection_ws/install/lane_msgs/share/lane_msgs/local_setup.bash
[38.732s] -- Installing: /home/mahitha/ros2_lane_detection_ws/install/lane_msgs/share/lane_msgs/local_setup.sh
[38.732s] -- Installing: /home/mahitha/ros2_lane_detection_ws/install/lane_msgs/share/lane_msgs/local_setup.zsh
[38.732s] -- Installing: /home/mahitha/ros2_lane_detection_ws/install/lane_msgs/share/lane_msgs/local_setup.dsv
[38.732s] -- Installing: /home/mahitha/ros2_lane_detection_ws/install/lane_msgs/share/lane_msgs/package.dsv
[38.732s] -- Installing: /home/mahitha/ros2_lane_detection_ws/install/lane_msgs/share/ament_index/resource_index/packages/lane_msgs
[38.733s] -- Installing: /home/mahitha/ros2_lane_detection_ws/install/lane_msgs/share/lane_msgs/cmake/export_lane_msgs__rosidl_generator_cExport.cmake
[38.733s] -- Installing: /home/mahitha/ros2_lane_detection_ws/install/lane_msgs/share/lane_msgs/cmake/export_lane_msgs__rosidl_generator_cExport-noconfig.cmake
[38.733s] -- Installing: /home/mahitha/ros2_lane_detection_ws/install/lane_msgs/share/lane_msgs/cmake/export_lane_msgs__rosidl_typesupport_fastrtps_cExport.cmake
[38.733s] -- Installing: /home/mahitha/ros2_lane_detection_ws/install/lane_msgs/share/lane_msgs/cmake/export_lane_msgs__rosidl_typesupport_fastrtps_cExport-noconfig.cmake
[38.733s] -- Installing: /home/mahitha/ros2_lane_detection_ws/install/lane_msgs/share/lane_msgs/cmake/lane_msgs__rosidl_typesupport_introspection_cExport.cmake
[38.733s] -- Installing: /home/mahitha/ros2_lane_detection_ws/install/lane_msgs/share/lane_msgs/cmake/lane_msgs__rosidl_typesupport_introspection_cExport-noconfig.cmake
[38.733s] -- Installing: /home/mahitha/ros2_lane_detection_ws/install/lane_msgs/share/lane_msgs/cmake/lane_msgs__rosidl_typesupport_cExport.cmake
[38.733s] -- Installing: /home/mahitha/ros2_lane_detection_ws/install/lane_msgs/share/lane_msgs/cmake/lane_msgs__rosidl_typesupport_cExport-noconfig.cmake
[38.755s] -- Installing: /home/mahitha/ros2_lane_detection_ws/install/lane_msgs/share/lane_msgs/cmake/export_lane_msgs__rosidl_generator_cppExport.cmake
[38.755s] -- Installing: /home/mahitha/ros2_lane_detection_ws/install/lane_msgs/share/lane_msgs/cmake/export_lane_msgs__rosidl_typesupport_fastrtps_cppExport.cmake
[38.755s] -- Installing: /home/mahitha/ros2_lane_detection_ws/install/lane_msgs/share/lane_msgs/cmake/export_lane_msgs__rosidl_typesupport_fastrtps_cppExport-noconfig.cmake
[38.755s] -- Installing: /home/mahitha/ros2_lane_detection_ws/install/lane_msgs/share/lane_msgs/cmake/lane_msgs__rosidl_typesupport_introspection_cppExport.cmake
[38.778s] -- Installing: /home/mahitha/ros2_lane_detection_ws/install/lane_msgs/share/lane_msgs/cmake/lane_msgs__rosidl_typesupport_introspection_cppExport-noconfig.cmake
[38.779s] -- Installing: /home/mahitha/ros2_lane_detection_ws/install/lane_msgs/share/lane_msgs/cmake/lane_msgs__rosidl_typesupport_cppExport.cmake
[38.779s] -- Installing: /home/mahitha/ros2_lane_detection_ws/install/lane_msgs/share/lane_msgs/cmake/lane_msgs__rosidl_typesupport_cppExport-noconfig.cmake
[38.779s] -- Installing: /home/mahitha/ros2_lane_detection_ws/install/lane_msgs/share/lane_msgs/cmake/export_lane_msgs__rosidl_generator_pyExport.cmake
[38.779s] -- Installing: /home/mahitha/ros2_lane_detection_ws/install/lane_msgs/share/lane_msgs/cmake/export_lane_msgs__rosidl_generator_pyExport-noconfig.cmake
[38.779s] -- Installing: /home/mahitha/ros2_lane_detection_ws/install/lane_msgs/share/lane_msgs/cmake/rosidl_cmake-extras.cmake
[38.779s] -- Installing: /home/mahitha/ros2_lane_detection_ws/install/lane_msgs/share/lane_msgs/cmake/ament_cmake_export_dependencies-extras.cmake
[38.779s] -- Installing: /home/mahitha/ros2_lane_detection_ws/install/lane_msgs/share/lane_msgs/cmake/ament_cmake_export_include_directories-extras.cmake
[38.780s] -- Installing: /home/mahitha/ros2_lane_detection_ws/install/lane_msgs/share/lane_msgs/cmake/ament_cmake_export_libraries-extras.cmake
[38.780s] -- Installing: /home/mahitha/ros2_lane_detection_ws/install/lane_msgs/share/lane_msgs/cmake/ament_cmake_export_targets-extras.cmake
[38.780s] -- Installing: /home/mahitha/ros2_lane_detection_ws/install/lane_msgs/share/lane_msgs/cmake/rosidl_cmake_export_typesupport_targets-extras.cmake
[38.780s] -- Installing: /home/mahitha/ros2_lane_detection_ws/install/lane_msgs/share/lane_msgs/cmake/rosidl_cmake_export_typesupport_libraries-extras.cmake
[38.780s] -- Installing: /home/mahitha/ros2_lane_detection_ws/install/lane_msgs/share/lane_msgs/cmake/lane_msgsConfig.cmake
[38.780s] -- Installing: /home/mahitha/ros2_lane_detection_ws/install/lane_msgs/share/lane_msgs/cmake/lane_msgsConfig-version.cmake
[38.780s] -- Installing: /home/mahitha/ros2_lane_detection_ws/install/lane_msgs/share/lane_msgs/package.xml
[38.781s] Invoked command in '/home/mahitha/ros2_lane_detection_ws/build/lane_msgs' returned '0': CMAKE_PREFIX_PATH=${CMAKE_PREFIX_PATH}:/home/mahitha/ros2_lane_detection_ws/install/lane_detection_all:/opt/ros/humble /usr/bin/cmake --install /home/mahitha/ros2_lane_detection_ws/build/lane_msgs
