[0.252s] DEBUG:colcon:Command line arguments: ['/usr/bin/colcon', 'build']
[0.252s] DEBUG:colcon:Parsed command line arguments: Namespace(log_base=None, log_level=None, verb_name='build', build_base='build', install_base='install', merge_install=False, symlink_install=False, test_result_base=None, continue_on_error=False, executor='parallel', parallel_workers=1, event_handlers=None, ignore_user_meta=False, metas=['./colcon.meta'], base_paths=['.'], packages_ignore=None, packages_ignore_regex=None, paths=None, packages_up_to=None, packages_up_to_regex=None, packages_above=None, packages_above_and_dependencies=None, packages_above_depth=None, packages_select_by_dep=None, packages_skip_by_dep=None, packages_skip_up_to=None, packages_select_build_failed=False, packages_skip_build_finished=False, packages_select_test_failures=False, packages_skip_test_passed=False, packages_select=None, packages_skip=None, packages_select_regex=None, packages_skip_regex=None, packages_start=None, packages_end=None, allow_overriding=[], cmake_args=None, cmake_target=None, cmake_target_skip_unavailable=False, cmake_clean_cache=False, cmake_clean_first=False, cmake_force_configure=False, ament_cmake_args=None, catkin_cmake_args=None, catkin_skip_building_tests=False, verb_parser=<colcon_defaults.argument_parser.defaults.DefaultArgumentsDecorator object at 0x7447dcf2b7f0>, verb_extension=<colcon_core.verb.build.BuildVerb object at 0x7447dcf2b220>, main=<bound method BuildVerb.main of <colcon_core.verb.build.BuildVerb object at 0x7447dcf2b220>>)
[0.660s] Level 1:colcon.colcon_core.package_discovery:discover_packages(colcon_meta) check parameters
[0.661s] Level 1:colcon.colcon_core.package_discovery:discover_packages(recursive) check parameters
[0.661s] Level 1:colcon.colcon_core.package_discovery:discover_packages(ignore) check parameters
[0.661s] Level 1:colcon.colcon_core.package_discovery:discover_packages(path) check parameters
[0.661s] Level 1:colcon.colcon_core.package_discovery:discover_packages(colcon_meta) discover
[0.661s] Level 1:colcon.colcon_core.package_discovery:discover_packages(recursive) discover
[0.661s] INFO:colcon.colcon_core.package_discovery:Crawling recursively for packages in '/home/mahitha/ros2_lane_detection_ws'
[0.661s] Level 1:colcon.colcon_core.package_identification:_identify(.) by extensions ['ignore', 'ignore_ament_install']
[0.661s] Level 1:colcon.colcon_core.package_identification:_identify(.) by extension 'ignore'
[0.661s] Level 1:colcon.colcon_core.package_identification:_identify(.) by extension 'ignore_ament_install'
[0.662s] Level 1:colcon.colcon_core.package_identification:_identify(.) by extensions ['colcon_pkg']
[0.662s] Level 1:colcon.colcon_core.package_identification:_identify(.) by extension 'colcon_pkg'
[0.662s] Level 1:colcon.colcon_core.package_identification:_identify(.) by extensions ['colcon_meta']
[0.662s] Level 1:colcon.colcon_core.package_identification:_identify(.) by extension 'colcon_meta'
[0.662s] Level 1:colcon.colcon_core.package_identification:_identify(.) by extensions ['ros']
[0.662s] Level 1:colcon.colcon_core.package_identification:_identify(.) by extension 'ros'
[0.689s] Level 1:colcon.colcon_core.package_identification:_identify(.) by extensions ['cmake', 'python']
[0.689s] Level 1:colcon.colcon_core.package_identification:_identify(.) by extension 'cmake'
[0.689s] Level 1:colcon.colcon_core.package_identification:_identify(.) by extension 'python'
[0.689s] Level 1:colcon.colcon_core.package_identification:_identify(.) by extensions ['python_setup_py']
[0.690s] Level 1:colcon.colcon_core.package_identification:_identify(.) by extension 'python_setup_py'
[0.690s] Level 1:colcon.colcon_core.package_identification:_identify(build) by extensions ['ignore', 'ignore_ament_install']
[0.690s] Level 1:colcon.colcon_core.package_identification:_identify(build) by extension 'ignore'
[0.690s] Level 1:colcon.colcon_core.package_identification:_identify(build) ignored
[0.690s] Level 1:colcon.colcon_core.package_identification:_identify(install) by extensions ['ignore', 'ignore_ament_install']
[0.690s] Level 1:colcon.colcon_core.package_identification:_identify(install) by extension 'ignore'
[0.691s] Level 1:colcon.colcon_core.package_identification:_identify(install) ignored
[0.691s] Level 1:colcon.colcon_core.package_identification:_identify(log) by extensions ['ignore', 'ignore_ament_install']
[0.691s] Level 1:colcon.colcon_core.package_identification:_identify(log) by extension 'ignore'
[0.691s] Level 1:colcon.colcon_core.package_identification:_identify(log) ignored
[0.691s] Level 1:colcon.colcon_core.package_identification:_identify(src) by extensions ['ignore', 'ignore_ament_install']
[0.691s] Level 1:colcon.colcon_core.package_identification:_identify(src) by extension 'ignore'
[0.692s] Level 1:colcon.colcon_core.package_identification:_identify(src) by extension 'ignore_ament_install'
[0.692s] Level 1:colcon.colcon_core.package_identification:_identify(src) by extensions ['colcon_pkg']
[0.692s] Level 1:colcon.colcon_core.package_identification:_identify(src) by extension 'colcon_pkg'
[0.692s] Level 1:colcon.colcon_core.package_identification:_identify(src) by extensions ['colcon_meta']
[0.692s] Level 1:colcon.colcon_core.package_identification:_identify(src) by extension 'colcon_meta'
[0.692s] Level 1:colcon.colcon_core.package_identification:_identify(src) by extensions ['ros']
[0.692s] Level 1:colcon.colcon_core.package_identification:_identify(src) by extension 'ros'
[0.692s] Level 1:colcon.colcon_core.package_identification:_identify(src) by extensions ['cmake', 'python']
[0.692s] Level 1:colcon.colcon_core.package_identification:_identify(src) by extension 'cmake'
[0.692s] Level 1:colcon.colcon_core.package_identification:_identify(src) by extension 'python'
[0.692s] Level 1:colcon.colcon_core.package_identification:_identify(src) by extensions ['python_setup_py']
[0.693s] Level 1:colcon.colcon_core.package_identification:_identify(src) by extension 'python_setup_py'
[0.693s] Level 1:colcon.colcon_core.package_identification:_identify(src/lane_detection_all) by extensions ['ignore', 'ignore_ament_install']
[0.693s] Level 1:colcon.colcon_core.package_identification:_identify(src/lane_detection_all) by extension 'ignore'
[0.693s] Level 1:colcon.colcon_core.package_identification:_identify(src/lane_detection_all) by extension 'ignore_ament_install'
[0.693s] Level 1:colcon.colcon_core.package_identification:_identify(src/lane_detection_all) by extensions ['colcon_pkg']
[0.693s] Level 1:colcon.colcon_core.package_identification:_identify(src/lane_detection_all) by extension 'colcon_pkg'
[0.693s] Level 1:colcon.colcon_core.package_identification:_identify(src/lane_detection_all) by extensions ['colcon_meta']
[0.693s] Level 1:colcon.colcon_core.package_identification:_identify(src/lane_detection_all) by extension 'colcon_meta'
[0.693s] Level 1:colcon.colcon_core.package_identification:_identify(src/lane_detection_all) by extensions ['ros']
[0.694s] Level 1:colcon.colcon_core.package_identification:_identify(src/lane_detection_all) by extension 'ros'
[0.700s] DEBUG:colcon.colcon_core.package_identification:Package 'src/lane_detection_all' with type 'ros.ament_python' and name 'lane_detection_all'
[0.700s] Level 1:colcon.colcon_core.package_identification:_identify(src/lane_msgs) by extensions ['ignore', 'ignore_ament_install']
[0.701s] Level 1:colcon.colcon_core.package_identification:_identify(src/lane_msgs) by extension 'ignore'
[0.701s] Level 1:colcon.colcon_core.package_identification:_identify(src/lane_msgs) by extension 'ignore_ament_install'
[0.701s] Level 1:colcon.colcon_core.package_identification:_identify(src/lane_msgs) by extensions ['colcon_pkg']
[0.701s] Level 1:colcon.colcon_core.package_identification:_identify(src/lane_msgs) by extension 'colcon_pkg'
[0.701s] Level 1:colcon.colcon_core.package_identification:_identify(src/lane_msgs) by extensions ['colcon_meta']
[0.701s] Level 1:colcon.colcon_core.package_identification:_identify(src/lane_msgs) by extension 'colcon_meta'
[0.701s] Level 1:colcon.colcon_core.package_identification:_identify(src/lane_msgs) by extensions ['ros']
[0.701s] Level 1:colcon.colcon_core.package_identification:_identify(src/lane_msgs) by extension 'ros'
[0.703s] DEBUG:colcon.colcon_core.package_identification:Package 'src/lane_msgs' with type 'ros.ament_cmake' and name 'lane_msgs'
[0.703s] Level 1:colcon.colcon_core.package_discovery:discover_packages(recursive) using defaults
[0.703s] Level 1:colcon.colcon_core.package_discovery:discover_packages(ignore) discover
[0.703s] Level 1:colcon.colcon_core.package_discovery:discover_packages(ignore) using defaults
[0.703s] Level 1:colcon.colcon_core.package_discovery:discover_packages(path) discover
[0.703s] Level 1:colcon.colcon_core.package_discovery:discover_packages(path) using defaults
[0.749s] Level 1:colcon.colcon_core.package_discovery:discover_packages(prefix_path) check parameters
[0.749s] Level 1:colcon.colcon_core.package_discovery:discover_packages(prefix_path) discover
[0.751s] WARNING:colcon.colcon_ros.prefix_path.ament:The path '/home/mahitha/ros2_lane_detection_ws/install/lane_detection_all' in the environment variable AMENT_PREFIX_PATH doesn't exist
[0.751s] WARNING:colcon.colcon_ros.prefix_path.ament:The path '/home/mahitha/ros2_lane_detection_ws/install/lane_msgs' in the environment variable AMENT_PREFIX_PATH doesn't exist
[0.751s] WARNING:colcon.colcon_ros.prefix_path.catkin:The path '/home/mahitha/ros2_lane_detection_ws/install/lane_msgs' in the environment variable CMAKE_PREFIX_PATH doesn't exist
[0.753s] DEBUG:colcon.colcon_installed_package_information.package_discovery:Found 0 installed packages in /home/mahitha/ros2_lane_detection_ws/install
[0.754s] DEBUG:colcon.colcon_installed_package_information.package_discovery:Found 1 installed packages in /home/mahitha/test_ws/install
[0.757s] DEBUG:colcon.colcon_installed_package_information.package_discovery:Found 271 installed packages in /opt/ros/humble
[0.772s] Level 1:colcon.colcon_core.package_discovery:discover_packages(prefix_path) using defaults
[0.955s] Level 5:colcon.colcon_core.verb:set package 'lane_msgs' build argument 'cmake_args' from command line to 'None'
[0.955s] Level 5:colcon.colcon_core.verb:set package 'lane_msgs' build argument 'cmake_target' from command line to 'None'
[0.955s] Level 5:colcon.colcon_core.verb:set package 'lane_msgs' build argument 'cmake_target_skip_unavailable' from command line to 'False'
[0.955s] Level 5:colcon.colcon_core.verb:set package 'lane_msgs' build argument 'cmake_clean_cache' from command line to 'False'
[0.955s] Level 5:colcon.colcon_core.verb:set package 'lane_msgs' build argument 'cmake_clean_first' from command line to 'False'
[0.955s] Level 5:colcon.colcon_core.verb:set package 'lane_msgs' build argument 'cmake_force_configure' from command line to 'False'
[0.955s] Level 5:colcon.colcon_core.verb:set package 'lane_msgs' build argument 'ament_cmake_args' from command line to 'None'
[0.955s] Level 5:colcon.colcon_core.verb:set package 'lane_msgs' build argument 'catkin_cmake_args' from command line to 'None'
[0.955s] Level 5:colcon.colcon_core.verb:set package 'lane_msgs' build argument 'catkin_skip_building_tests' from command line to 'False'
[0.955s] DEBUG:colcon.colcon_core.verb:Building package 'lane_msgs' with the following arguments: {'ament_cmake_args': None, 'build_base': '/home/mahitha/ros2_lane_detection_ws/build/lane_msgs', 'catkin_cmake_args': None, 'catkin_skip_building_tests': False, 'cmake_args': None, 'cmake_clean_cache': False, 'cmake_clean_first': False, 'cmake_force_configure': False, 'cmake_target': None, 'cmake_target_skip_unavailable': False, 'install_base': '/home/mahitha/ros2_lane_detection_ws/install/lane_msgs', 'merge_install': False, 'path': '/home/mahitha/ros2_lane_detection_ws/src/lane_msgs', 'symlink_install': False, 'test_result_base': None}
[0.957s] Level 5:colcon.colcon_core.verb:set package 'lane_detection_all' build argument 'cmake_args' from command line to 'None'
[0.957s] Level 5:colcon.colcon_core.verb:set package 'lane_detection_all' build argument 'cmake_target' from command line to 'None'
[0.957s] Level 5:colcon.colcon_core.verb:set package 'lane_detection_all' build argument 'cmake_target_skip_unavailable' from command line to 'False'
[0.957s] Level 5:colcon.colcon_core.verb:set package 'lane_detection_all' build argument 'cmake_clean_cache' from command line to 'False'
[0.957s] Level 5:colcon.colcon_core.verb:set package 'lane_detection_all' build argument 'cmake_clean_first' from command line to 'False'
[0.957s] Level 5:colcon.colcon_core.verb:set package 'lane_detection_all' build argument 'cmake_force_configure' from command line to 'False'
[0.957s] Level 5:colcon.colcon_core.verb:set package 'lane_detection_all' build argument 'ament_cmake_args' from command line to 'None'
[0.957s] Level 5:colcon.colcon_core.verb:set package 'lane_detection_all' build argument 'catkin_cmake_args' from command line to 'None'
[0.957s] Level 5:colcon.colcon_core.verb:set package 'lane_detection_all' build argument 'catkin_skip_building_tests' from command line to 'False'
[0.957s] DEBUG:colcon.colcon_core.verb:Building package 'lane_detection_all' with the following arguments: {'ament_cmake_args': None, 'build_base': '/home/mahitha/ros2_lane_detection_ws/build/lane_detection_all', 'catkin_cmake_args': None, 'catkin_skip_building_tests': False, 'cmake_args': None, 'cmake_clean_cache': False, 'cmake_clean_first': False, 'cmake_force_configure': False, 'cmake_target': None, 'cmake_target_skip_unavailable': False, 'install_base': '/home/mahitha/ros2_lane_detection_ws/install/lane_detection_all', 'merge_install': False, 'path': '/home/mahitha/ros2_lane_detection_ws/src/lane_detection_all', 'symlink_install': False, 'test_result_base': None}
[0.958s] INFO:colcon.colcon_core.executor:Executing jobs using 'parallel' executor
[0.960s] DEBUG:colcon.colcon_parallel_executor.executor.parallel:run_until_complete
[0.961s] INFO:colcon.colcon_ros.task.ament_cmake.build:Building ROS package in '/home/mahitha/ros2_lane_detection_ws/src/lane_msgs' with build type 'ament_cmake'
[0.961s] INFO:colcon.colcon_cmake.task.cmake.build:Building CMake package in '/home/mahitha/ros2_lane_detection_ws/src/lane_msgs'
[0.964s] INFO:colcon.colcon_core.plugin_system:Skipping extension 'colcon_core.shell.bat': Not used on non-Windows systems
[0.965s] INFO:colcon.colcon_core.shell:Skip shell extension 'powershell' for command environment: Not usable outside of PowerShell
[0.965s] DEBUG:colcon.colcon_core.shell:Skip shell extension 'dsv' for command environment
[0.981s] DEBUG:colcon.colcon_core.event_handler.log_command:Invoking command in '/home/mahitha/ros2_lane_detection_ws/build/lane_msgs': CMAKE_PREFIX_PATH=${CMAKE_PREFIX_PATH}:/home/mahitha/ros2_lane_detection_ws/install/lane_detection_all:/opt/ros/humble /usr/bin/cmake /home/mahitha/ros2_lane_detection_ws/src/lane_msgs -DCMAKE_INSTALL_PREFIX=/home/mahitha/ros2_lane_detection_ws/install/lane_msgs
[7.984s] DEBUG:colcon.colcon_core.event_handler.log_command:Invoked command in '/home/mahitha/ros2_lane_detection_ws/build/lane_msgs' returned '0': CMAKE_PREFIX_PATH=${CMAKE_PREFIX_PATH}:/home/mahitha/ros2_lane_detection_ws/install/lane_detection_all:/opt/ros/humble /usr/bin/cmake /home/mahitha/ros2_lane_detection_ws/src/lane_msgs -DCMAKE_INSTALL_PREFIX=/home/mahitha/ros2_lane_detection_ws/install/lane_msgs
[7.993s] DEBUG:colcon.colcon_core.event_handler.log_command:Invoking command in '/home/mahitha/ros2_lane_detection_ws/build/lane_msgs': CMAKE_PREFIX_PATH=${CMAKE_PREFIX_PATH}:/home/mahitha/ros2_lane_detection_ws/install/lane_detection_all:/opt/ros/humble /usr/bin/cmake --build /home/mahitha/ros2_lane_detection_ws/build/lane_msgs -- -j1 -l1
[39.140s] DEBUG:colcon.colcon_core.event_handler.log_command:Invoked command in '/home/mahitha/ros2_lane_detection_ws/build/lane_msgs' returned '0': CMAKE_PREFIX_PATH=${CMAKE_PREFIX_PATH}:/home/mahitha/ros2_lane_detection_ws/install/lane_detection_all:/opt/ros/humble /usr/bin/cmake --build /home/mahitha/ros2_lane_detection_ws/build/lane_msgs -- -j1 -l1
[39.165s] DEBUG:colcon.colcon_core.event_handler.log_command:Invoking command in '/home/mahitha/ros2_lane_detection_ws/build/lane_msgs': CMAKE_PREFIX_PATH=${CMAKE_PREFIX_PATH}:/home/mahitha/ros2_lane_detection_ws/install/lane_detection_all:/opt/ros/humble /usr/bin/cmake --install /home/mahitha/ros2_lane_detection_ws/build/lane_msgs
[39.733s] Level 1:colcon.colcon_core.environment:create_environment_scripts_only(lane_msgs)
[39.738s] Level 1:colcon.colcon_core.environment:checking '/home/mahitha/ros2_lane_detection_ws/install/lane_msgs' for CMake module files
[39.739s] Level 1:colcon.colcon_core.environment:checking '/home/mahitha/ros2_lane_detection_ws/install/lane_msgs' for CMake config files
[39.740s] Level 1:colcon.colcon_core.shell:create_environment_hook('lane_msgs', 'cmake_prefix_path')
[39.741s] INFO:colcon.colcon_core.shell:Creating environment hook '/home/mahitha/ros2_lane_detection_ws/install/lane_msgs/share/lane_msgs/hook/cmake_prefix_path.ps1'
[39.742s] INFO:colcon.colcon_core.shell:Creating environment descriptor '/home/mahitha/ros2_lane_detection_ws/install/lane_msgs/share/lane_msgs/hook/cmake_prefix_path.dsv'
[39.758s] DEBUG:colcon.colcon_core.event_handler.log_command:Invoked command in '/home/mahitha/ros2_lane_detection_ws/build/lane_msgs' returned '0': CMAKE_PREFIX_PATH=${CMAKE_PREFIX_PATH}:/home/mahitha/ros2_lane_detection_ws/install/lane_detection_all:/opt/ros/humble /usr/bin/cmake --install /home/mahitha/ros2_lane_detection_ws/build/lane_msgs
[39.759s] INFO:colcon.colcon_core.shell:Creating environment hook '/home/mahitha/ros2_lane_detection_ws/install/lane_msgs/share/lane_msgs/hook/cmake_prefix_path.sh'
[39.761s] Level 1:colcon.colcon_core.environment:checking '/home/mahitha/ros2_lane_detection_ws/install/lane_msgs/lib'
[39.762s] Level 1:colcon.colcon_core.shell:create_environment_hook('lane_msgs', 'ld_library_path_lib')
[39.762s] INFO:colcon.colcon_core.shell:Creating environment hook '/home/mahitha/ros2_lane_detection_ws/install/lane_msgs/share/lane_msgs/hook/ld_library_path_lib.ps1'
[39.763s] INFO:colcon.colcon_core.shell:Creating environment descriptor '/home/mahitha/ros2_lane_detection_ws/install/lane_msgs/share/lane_msgs/hook/ld_library_path_lib.dsv'
[39.764s] INFO:colcon.colcon_core.shell:Creating environment hook '/home/mahitha/ros2_lane_detection_ws/install/lane_msgs/share/lane_msgs/hook/ld_library_path_lib.sh'
[39.765s] Level 1:colcon.colcon_core.environment:checking '/home/mahitha/ros2_lane_detection_ws/install/lane_msgs/bin'
[39.765s] Level 1:colcon.colcon_core.environment:checking '/home/mahitha/ros2_lane_detection_ws/install/lane_msgs/lib/pkgconfig/lane_msgs.pc'
[39.765s] Level 1:colcon.colcon_core.environment:checking '/home/mahitha/ros2_lane_detection_ws/install/lane_msgs/lib/python3.10/site-packages'
[39.766s] Level 1:colcon.colcon_core.environment:checking '/home/mahitha/ros2_lane_detection_ws/install/lane_msgs/bin'
[39.767s] INFO:colcon.colcon_core.shell:Creating package script '/home/mahitha/ros2_lane_detection_ws/install/lane_msgs/share/lane_msgs/package.ps1'
[39.768s] INFO:colcon.colcon_core.shell:Creating package descriptor '/home/mahitha/ros2_lane_detection_ws/install/lane_msgs/share/lane_msgs/package.dsv'
[39.791s] INFO:colcon.colcon_core.shell:Creating package script '/home/mahitha/ros2_lane_detection_ws/install/lane_msgs/share/lane_msgs/package.sh'
[39.793s] INFO:colcon.colcon_core.shell:Creating package script '/home/mahitha/ros2_lane_detection_ws/install/lane_msgs/share/lane_msgs/package.bash'
[39.794s] INFO:colcon.colcon_core.shell:Creating package script '/home/mahitha/ros2_lane_detection_ws/install/lane_msgs/share/lane_msgs/package.zsh'
[39.796s] Level 1:colcon.colcon_core.environment:create_file_with_runtime_dependencies(/home/mahitha/ros2_lane_detection_ws/install/lane_msgs/share/colcon-core/packages/lane_msgs)
[39.798s] Level 1:colcon.colcon_core.environment:create_environment_scripts_only(lane_msgs)
[39.798s] Level 1:colcon.colcon_core.environment:checking '/home/mahitha/ros2_lane_detection_ws/install/lane_msgs' for CMake module files
[39.800s] Level 1:colcon.colcon_core.environment:checking '/home/mahitha/ros2_lane_detection_ws/install/lane_msgs' for CMake config files
[39.801s] Level 1:colcon.colcon_core.shell:create_environment_hook('lane_msgs', 'cmake_prefix_path')
[39.801s] INFO:colcon.colcon_core.shell:Creating environment hook '/home/mahitha/ros2_lane_detection_ws/install/lane_msgs/share/lane_msgs/hook/cmake_prefix_path.ps1'
[39.807s] INFO:colcon.colcon_core.shell:Creating environment descriptor '/home/mahitha/ros2_lane_detection_ws/install/lane_msgs/share/lane_msgs/hook/cmake_prefix_path.dsv'
[39.808s] INFO:colcon.colcon_core.shell:Creating environment hook '/home/mahitha/ros2_lane_detection_ws/install/lane_msgs/share/lane_msgs/hook/cmake_prefix_path.sh'
[39.840s] Level 1:colcon.colcon_core.environment:checking '/home/mahitha/ros2_lane_detection_ws/install/lane_msgs/lib'
[39.840s] Level 1:colcon.colcon_core.shell:create_environment_hook('lane_msgs', 'ld_library_path_lib')
[39.840s] INFO:colcon.colcon_core.shell:Creating environment hook '/home/mahitha/ros2_lane_detection_ws/install/lane_msgs/share/lane_msgs/hook/ld_library_path_lib.ps1'
[39.842s] INFO:colcon.colcon_core.shell:Creating environment descriptor '/home/mahitha/ros2_lane_detection_ws/install/lane_msgs/share/lane_msgs/hook/ld_library_path_lib.dsv'
[39.842s] INFO:colcon.colcon_core.shell:Creating environment hook '/home/mahitha/ros2_lane_detection_ws/install/lane_msgs/share/lane_msgs/hook/ld_library_path_lib.sh'
[39.843s] Level 1:colcon.colcon_core.environment:checking '/home/mahitha/ros2_lane_detection_ws/install/lane_msgs/bin'
[39.844s] Level 1:colcon.colcon_core.environment:checking '/home/mahitha/ros2_lane_detection_ws/install/lane_msgs/lib/pkgconfig/lane_msgs.pc'
[39.844s] Level 1:colcon.colcon_core.environment:checking '/home/mahitha/ros2_lane_detection_ws/install/lane_msgs/lib/python3.10/site-packages'
[39.845s] Level 1:colcon.colcon_core.environment:checking '/home/mahitha/ros2_lane_detection_ws/install/lane_msgs/bin'
[39.846s] INFO:colcon.colcon_core.shell:Creating package script '/home/mahitha/ros2_lane_detection_ws/install/lane_msgs/share/lane_msgs/package.ps1'
[39.847s] INFO:colcon.colcon_core.shell:Creating package descriptor '/home/mahitha/ros2_lane_detection_ws/install/lane_msgs/share/lane_msgs/package.dsv'
[39.848s] INFO:colcon.colcon_core.shell:Creating package script '/home/mahitha/ros2_lane_detection_ws/install/lane_msgs/share/lane_msgs/package.sh'
[39.849s] INFO:colcon.colcon_core.shell:Creating package script '/home/mahitha/ros2_lane_detection_ws/install/lane_msgs/share/lane_msgs/package.bash'
[39.850s] INFO:colcon.colcon_core.shell:Creating package script '/home/mahitha/ros2_lane_detection_ws/install/lane_msgs/share/lane_msgs/package.zsh'
[39.853s] Level 1:colcon.colcon_core.environment:create_file_with_runtime_dependencies(/home/mahitha/ros2_lane_detection_ws/install/lane_msgs/share/colcon-core/packages/lane_msgs)
[39.854s] INFO:colcon.colcon_ros.task.ament_python.build:Building ROS package in '/home/mahitha/ros2_lane_detection_ws/src/lane_detection_all' with build type 'ament_python'
[39.855s] Level 1:colcon.colcon_core.shell:create_environment_hook('lane_detection_all', 'ament_prefix_path')
[39.855s] INFO:colcon.colcon_core.shell:Creating environment hook '/home/mahitha/ros2_lane_detection_ws/install/lane_detection_all/share/lane_detection_all/hook/ament_prefix_path.ps1'
[39.856s] INFO:colcon.colcon_core.shell:Creating environment descriptor '/home/mahitha/ros2_lane_detection_ws/install/lane_detection_all/share/lane_detection_all/hook/ament_prefix_path.dsv'
[39.857s] INFO:colcon.colcon_core.shell:Creating environment hook '/home/mahitha/ros2_lane_detection_ws/install/lane_detection_all/share/lane_detection_all/hook/ament_prefix_path.sh'
[39.858s] INFO:colcon.colcon_core.shell:Skip shell extension 'powershell' for command environment: Not usable outside of PowerShell
[39.858s] DEBUG:colcon.colcon_core.shell:Skip shell extension 'dsv' for command environment
[41.610s] INFO:colcon.colcon_core.task.python.build:Building Python package in '/home/mahitha/ros2_lane_detection_ws/src/lane_detection_all'
[41.610s] INFO:colcon.colcon_core.shell:Skip shell extension 'powershell' for command environment: Not usable outside of PowerShell
[41.610s] DEBUG:colcon.colcon_core.shell:Skip shell extension 'dsv' for command environment
[43.419s] DEBUG:colcon.colcon_core.event_handler.log_command:Invoking command in '/home/mahitha/ros2_lane_detection_ws/src/lane_detection_all': PYTHONPATH=/home/mahitha/ros2_lane_detection_ws/build/lane_detection_all/prefix_override:/usr/lib/python3/dist-packages/colcon_core/task/python/colcon_distutils_commands:/home/mahitha/ros2_lane_detection_ws/install/lane_detection_all/lib/python3.10/site-packages:${PYTHONPATH} /usr/bin/python3 -W ignore:setup.py install is deprecated -W ignore:easy_install command is deprecated setup.py egg_info --egg-base ../../build/lane_detection_all build --build-base /home/mahitha/ros2_lane_detection_ws/build/lane_detection_all/build install --record /home/mahitha/ros2_lane_detection_ws/build/lane_detection_all/install.log --single-version-externally-managed install_data
[44.567s] Level 1:colcon.colcon_core.environment:checking '/home/mahitha/ros2_lane_detection_ws/install/lane_detection_all' for CMake module files
[44.568s] Level 1:colcon.colcon_core.environment:checking '/home/mahitha/ros2_lane_detection_ws/install/lane_detection_all' for CMake config files
[44.569s] Level 1:colcon.colcon_core.environment:checking '/home/mahitha/ros2_lane_detection_ws/install/lane_detection_all/lib'
[44.570s] Level 1:colcon.colcon_core.environment:checking '/home/mahitha/ros2_lane_detection_ws/install/lane_detection_all/bin'
[44.570s] Level 1:colcon.colcon_core.environment:checking '/home/mahitha/ros2_lane_detection_ws/install/lane_detection_all/lib/pkgconfig/lane_detection_all.pc'
[44.570s] Level 1:colcon.colcon_core.environment:checking '/home/mahitha/ros2_lane_detection_ws/install/lane_detection_all/lib/python3.10/site-packages'
[44.570s] Level 1:colcon.colcon_core.shell:create_environment_hook('lane_detection_all', 'pythonpath')
[44.571s] INFO:colcon.colcon_core.shell:Creating environment hook '/home/mahitha/ros2_lane_detection_ws/install/lane_detection_all/share/lane_detection_all/hook/pythonpath.ps1'
[44.572s] INFO:colcon.colcon_core.shell:Creating environment descriptor '/home/mahitha/ros2_lane_detection_ws/install/lane_detection_all/share/lane_detection_all/hook/pythonpath.dsv'
[44.572s] INFO:colcon.colcon_core.shell:Creating environment hook '/home/mahitha/ros2_lane_detection_ws/install/lane_detection_all/share/lane_detection_all/hook/pythonpath.sh'
[44.574s] Level 1:colcon.colcon_core.environment:checking '/home/mahitha/ros2_lane_detection_ws/install/lane_detection_all/bin'
[44.574s] Level 1:colcon.colcon_core.environment:create_environment_scripts_only(lane_detection_all)
[44.574s] INFO:colcon.colcon_core.shell:Creating package script '/home/mahitha/ros2_lane_detection_ws/install/lane_detection_all/share/lane_detection_all/package.ps1'
[44.575s] INFO:colcon.colcon_core.shell:Creating package descriptor '/home/mahitha/ros2_lane_detection_ws/install/lane_detection_all/share/lane_detection_all/package.dsv'
[44.576s] INFO:colcon.colcon_core.shell:Creating package script '/home/mahitha/ros2_lane_detection_ws/install/lane_detection_all/share/lane_detection_all/package.sh'
[44.578s] DEBUG:colcon.colcon_core.event_handler.log_command:Invoked command in '/home/mahitha/ros2_lane_detection_ws/src/lane_detection_all' returned '0': PYTHONPATH=/home/mahitha/ros2_lane_detection_ws/build/lane_detection_all/prefix_override:/usr/lib/python3/dist-packages/colcon_core/task/python/colcon_distutils_commands:/home/mahitha/ros2_lane_detection_ws/install/lane_detection_all/lib/python3.10/site-packages:${PYTHONPATH} /usr/bin/python3 -W ignore:setup.py install is deprecated -W ignore:easy_install command is deprecated setup.py egg_info --egg-base ../../build/lane_detection_all build --build-base /home/mahitha/ros2_lane_detection_ws/build/lane_detection_all/build install --record /home/mahitha/ros2_lane_detection_ws/build/lane_detection_all/install.log --single-version-externally-managed install_data
[44.578s] INFO:colcon.colcon_core.shell:Creating package script '/home/mahitha/ros2_lane_detection_ws/install/lane_detection_all/share/lane_detection_all/package.bash'
[44.579s] INFO:colcon.colcon_core.shell:Creating package script '/home/mahitha/ros2_lane_detection_ws/install/lane_detection_all/share/lane_detection_all/package.zsh'
[44.580s] Level 1:colcon.colcon_core.environment:create_file_with_runtime_dependencies(/home/mahitha/ros2_lane_detection_ws/install/lane_detection_all/share/colcon-core/packages/lane_detection_all)
[44.594s] DEBUG:colcon.colcon_parallel_executor.executor.parallel:closing loop
[44.595s] DEBUG:colcon.colcon_parallel_executor.executor.parallel:loop closed
[44.595s] DEBUG:colcon.colcon_parallel_executor.executor.parallel:run_until_complete finished with '0'
[44.595s] DEBUG:colcon.colcon_core.event_reactor:joining thread
[44.605s] INFO:colcon.colcon_core.plugin_system:Skipping extension 'colcon_notification.desktop_notification.terminal_notifier': Not used on non-Darwin systems
[44.605s] INFO:colcon.colcon_core.plugin_system:Skipping extension 'colcon_notification.desktop_notification.win32': Not used on non-Windows systems
[44.605s] INFO:colcon.colcon_notification.desktop_notification:Sending desktop notification using 'notify2'
[44.690s] DEBUG:colcon.colcon_core.event_reactor:joined thread
[44.691s] INFO:colcon.colcon_core.shell:Creating prefix script '/home/mahitha/ros2_lane_detection_ws/install/local_setup.ps1'
[44.693s] INFO:colcon.colcon_core.shell:Creating prefix util module '/home/mahitha/ros2_lane_detection_ws/install/_local_setup_util_ps1.py'
[44.716s] INFO:colcon.colcon_core.shell:Creating prefix chain script '/home/mahitha/ros2_lane_detection_ws/install/setup.ps1'
[44.718s] INFO:colcon.colcon_core.shell:Creating prefix script '/home/mahitha/ros2_lane_detection_ws/install/local_setup.sh'
[44.720s] INFO:colcon.colcon_core.shell:Creating prefix util module '/home/mahitha/ros2_lane_detection_ws/install/_local_setup_util_sh.py'
[44.721s] INFO:colcon.colcon_core.shell:Creating prefix chain script '/home/mahitha/ros2_lane_detection_ws/install/setup.sh'
[44.724s] INFO:colcon.colcon_core.shell:Creating prefix script '/home/mahitha/ros2_lane_detection_ws/install/local_setup.bash'
[44.725s] INFO:colcon.colcon_core.shell:Creating prefix chain script '/home/mahitha/ros2_lane_detection_ws/install/setup.bash'
[44.727s] INFO:colcon.colcon_core.shell:Creating prefix script '/home/mahitha/ros2_lane_detection_ws/install/local_setup.zsh'
[44.728s] INFO:colcon.colcon_core.shell:Creating prefix chain script '/home/mahitha/ros2_lane_detection_ws/install/setup.zsh'
